This is pdfTeX, Version 3.141592653-2.6-1.40.25 (MiKTeX 23.10) (preloaded format=pdflatex 2024.1.21)  21 JAN 2024 22:40
entering extended mode
 restricted \write18 enabled.
 %&-line parsing enabled.
**./titlepage.tex
(titlepage.tex
LaTeX2e <2023-06-01> patch level 1
L3 programming layer <2023-08-29>

! LaTeX Error: Missing \begin{document}.

See the LaTeX manual or LaTeX Companion for explanation.
Type  H <return>  for immediate help.
 ...                                              
                                                  
l.2 \begin{center}
                  
You're in trouble here.  Try typing  <return>  to proceed.
If that doesn't work, type  X <return>  to quit.


Overfull \hbox (20.0pt too wide) in paragraph at lines 2--2
[] 
 []

! Undefined control sequence.
l.3 	\large
           
The control sequence at the end of the top line
of your error message was never \def'ed. If you have
misspelled it (e.g., `\hobx'), type `I' and the correct
spelling (e.g., `I\hbox'). Otherwise just continue,
and I'll forget about whatever was undefined.


Overfull \hbox (52.14pt too wide) in paragraph at lines 4--5
 \OT1/cmr/bx/n/10 University 
 []


Overfull \hbox (9.26384pt too wide) in paragraph at lines 4--5
 \OT1/cmr/bx/n/10 of 
 []


Overfull \hbox (21.08322pt too wide) in paragraph at lines 4--5
 \OT1/cmr/bx/n/10 Col- 
 []


Overfull \hbox (28.21512pt too wide) in paragraph at lines 4--5
 \OT1/cmr/bx/n/10 orado 
 []


Overfull \hbox (3.83331pt too wide) in paragraph at lines 4--5
 \OT1/cmr/bx/n/10 - 
 []


Overfull \hbox (24.31238pt too wide) in paragraph at lines 4--5
 \OT1/cmr/bx/n/10 Den- 
 []


Overfull \hbox (15.75688pt too wide) in paragraph at lines 4--5
 \OT1/cmr/bx/n/10 ver 
 []

)
! Emergency stop.
<*> ./titlepage.tex
                   
*** (job aborted, no legal \end found)

 
Here is how much of TeX's memory you used:
 23 strings out of 475248
 559 string characters out of 5756869
 1917785 words of memory out of 5000000
 21646 multiletter control sequences out of 15000+600000
 558377 words of font info for 37 fonts, out of 8000000 for 9000
 1141 hyphenation exceptions out of 8191
 19i,1n,21p,101b,115s stack positions out of 10000i,1000n,20000p,200000b,200000s
!  ==> Fatal error occurred, no output PDF file produced!
